<?xml version="1.0" encoding="UTF-8"?>
<testsuite name="CountryInfoService.TestSuite1" tests="21" failures="0" errors="0" time="4.323"><properties>
[...]
</properties><testcase name="CapitalCity TestCase" time="0.464"/><testcase name="CountriesUsingCurrency TestCase" time="0.144"/><testcase name="CountryCurrency TestCase" time="0.145"/><testcase name="CountryFlag TestCase" time="0.149"/><testcase name="CountryIntPhoneCode TestCase" time="0.147"/><testcase name="CountryISOCode TestCase" time="0.145"/><testcase name="CountryName TestCase" time="0.146"/><testcase name="CurrencyName TestCase" time="0.147"/><testcase name="FullCountryInfo TestCase" time="0.151"/><testcase name="FullCountryInfoAllCountries TestCase" time="0.557"/><testcase name="LanguageISOCode TestCase" time="0.147"/><testcase name="LanguageName TestCase" time="0.143"/><testcase name="ListOfContinentsByCode TestCase" time="0.157"/><testcase name="ListOfContinentsByName TestCase" time="0.145"/><testcase name="ListOfCountryNamesByCode TestCase" time="0.273"/><testcase name="ListOfCountryNamesByName TestCase" time="0.272"/><testcase name="ListOfCountryNamesGroupedByContinent TestCase" time="0.21"/><testcase name="ListOfCurrenciesByCode TestCase" time="0.173"/><testcase name="ListOfCurrenciesByName TestCase" time="0.177"/><testcase name="ListOfLanguagesByCode TestCase" time="0.223"/><testcase name="ListOfLanguagesByName TestCase" time="0.208"/></testsuite>